Arguments: 
  /opt/homebrew/Cellar/node/20.5.1/bin/node /opt/homebrew/Cellar/yarn/1.22.19/libexec/bin/yarn.js add @types/react-validation

PATH: 
  /Users/vladimir/.rbenv/shims:/Users/vladimir/.rbenv/bin:~/go/bin:/opt/homebrew/opt/ruby/bin:/Users/vladimir/go/bin:/Users/vladimir/go/bin:/opt/homebrew/bin:/opt/homebrew/sbin:/usr/local/bin:/System/Cryptexes/App/usr/bin:/usr/bin:/bin:/usr/sbin:/sbin:/Applications/VMware Fusion.app/Contents/Public:/Library/Apple/usr/bin:/Users/vladimir/.rbenv/shims:/Users/vladimir/.rbenv/bin:~/go/bin:/opt/homebrew/opt/ruby/bin:/Users/vladimir/go/bin:/opt/homebrew/bin:/opt/homebrew/sbin:/Users/vladimir/go/bin

Yarn version: 
  1.22.19

Node version: 
  20.5.1

Platform: 
  darwin arm64

Trace: 
  Error: https://registry.yarnpkg.com/@types%2freact-validation: Not found
      at params.callback [as _callback] (/opt/homebrew/Cellar/yarn/1.22.19/libexec/lib/cli.js:66145:18)
      at self.callback (/opt/homebrew/Cellar/yarn/1.22.19/libexec/lib/cli.js:140890:22)
      at Request.emit (node:events:514:28)
      at Request.<anonymous> (/opt/homebrew/Cellar/yarn/1.22.19/libexec/lib/cli.js:141862:10)
      at Request.emit (node:events:514:28)
      at IncomingMessage.<anonymous> (/opt/homebrew/Cellar/yarn/1.22.19/libexec/lib/cli.js:141784:12)
      at Object.onceWrapper (node:events:628:28)
      at IncomingMessage.emit (node:events:526:35)
      at endReadableNT (node:internal/streams/readable:1376:12)
      at process.processTicksAndRejections (node:internal/process/task_queues:82:21)

npm manifest: 
  No manifest

yarn manifest: 
  No manifest

Lockfile: 
  No lockfile
